<?xml version="1.0" encoding="UTF-8"?>
<!-- Generated by org.testng.reporters.JUnitXMLReporter -->
<testsuite hostname="N15538C" name="Web Tests" tests="10" failures="0" timestamp="16 Feb 2021 14:44:17 GMT" time="134.734" errors="0">
  <testcase name="test01_verifyHeader" time="18.621" classname="sanity.GrafanaWeb"/>
  <testcase name="test02_verifyDefaultUsers" time="4.258" classname="sanity.GrafanaWeb"/>
  <testcase name="test03_verifyNewUser" time="9.486" classname="sanity.GrafanaWeb"/>
  <testcase name="test04_verifyUserDeletion" time="3.999" classname="sanity.GrafanaWeb"/>
  <testcase name="test05_verifyProgressSteps" time="0.491" classname="sanity.GrafanaWeb"/>
  <testcase name="test06_verifyAvatarIcon" time="4.241" classname="sanity.GrafanaWeb"/>
  <testcase name="test07_searchUsers" time="15.975" classname="sanity.GrafanaWeb"/>
  <testcase name="test07_searchUsers" time="4.452" classname="sanity.GrafanaWeb"/>
  <testcase name="test07_searchUsers" time="15.155" classname="sanity.GrafanaWeb"/>
  <testcase name="test08_dragAndDropHeader" time="5.087" classname="sanity.GrafanaWeb"/>
</testsuite> <!-- Web Tests -->
