<?xml version="1.0" encoding="UTF-8"?>
<testsuite xmlns:xsi="http://www.w3.org/2001/XMLSchema-instance" xsi:noNamespaceSchemaLocation="https://maven.apache.org/surefire/maven-surefire-plugin/xsd/surefire-test-report.xsd" name="TestSuite" time="150.695" tests="10" errors="0" skipped="0" failures="0">
  <properties>
[...]
</properties>
  <testcase name="test01_verifyHeader" classname="sanity.GrafanaWeb" time="18.907"/>
  <testcase name="test02_verifyDefaultUsers" classname="sanity.GrafanaWeb" time="4.518"/>
  <testcase name="test03_verifyNewUser" classname="sanity.GrafanaWeb" time="9.662"/>
  <testcase name="test04_verifyUserDeletion" classname="sanity.GrafanaWeb" time="4.179"/>
  <testcase name="test05_verifyProgressSteps" classname="sanity.GrafanaWeb" time="0.594"/>
  <testcase name="test06_verifyAvatarIcon" classname="sanity.GrafanaWeb" time="4.404"/>
  <testcase name="test07_searchUsers" classname="sanity.GrafanaWeb" time="16.21"/>
  <testcase name="test07_searchUsers" classname="sanity.GrafanaWeb" time="4.566"/>
  <testcase name="test07_searchUsers" classname="sanity.GrafanaWeb" time="15.386"/>
  <testcase name="test08_dragAndDropHeader" classname="sanity.GrafanaWeb" time="5.22"/>
</testsuite>