{
  "uid" : "77bf0fae3b1845a9",
  "name" : "test03 - Add Task With Blue Color And Verify",
  "fullName" : "sanity.TodoListElectron.test03_AddWithColorAndVerifyNewTask",
  "historyId" : "29e64d8b450155483803d9644033d0b3",
  "time" : {
    "start" : 1613486582083,
    "stop" : 1613486604635,
    "duration" : 22552
  },
  "description" : "This Test add a new task With Blue Color and verifies it in the list of tasks",
  "descriptionHtml" : "<p>This Test add a new task With Blue Color and verifies it in the list of tasks</p>\n",
  "status" : "failed",
  "statusMessage" : "expected [5] but found [1]",
  "statusTrace" : "java.lang.AssertionError: expected [5] but found [1]\r\n\tat org.testng.Assert.fail(Assert.java:94)\r\n\tat org.testng.Assert.failNotEquals(Assert.java:513)\r\n\tat org.testng.Assert.assertEqualsImpl(Assert.java:135)\r\n\tat org.testng.Assert.assertEquals(Assert.java:116)\r\n\tat org.testng.Assert.assertEquals(Assert.java:389)\r\n\tat org.testng.Assert.assertEquals(Assert.java:399)\r\n\tat extensions.Verifications.verifyNumber(Verifications.java:66)\r\n\tat sanity.TodoListElectron.test03_AddWithColorAndVerifyNewTask(TodoListElectron.java:33)\r\n\tat sun.reflect.NativeMethodAccessorImpl.invoke0(Native Method)\r\n\tat sun.reflect.NativeMethodAccessorImpl.invoke(NativeMethodAccessorImpl.java:62)\r\n\tat sun.reflect.DelegatingMethodAccessorImpl.invoke(DelegatingMethodAccessorImpl.java:43)\r\n\tat java.lang.reflect.Method.invoke(Method.java:498)\r\n\tat org.testng.internal.MethodInvocationHelper.invokeMethod(MethodInvocationHelper.java:86)\r\n\tat org.testng.internal.Invoker.invokeMethod(Invoker.java:643)\r\n\tat org.testng.internal.Invoker.invokeTestMethod(Invoker.java:820)\r\n\tat org.testng.internal.Invoker.invokeTestMethods(Invoker.java:1128)\r\n\tat org.testng.internal.TestMethodWorker.invokeTestMethods(TestMethodWorker.java:129)\r\n\tat org.testng.internal.TestMethodWorker.run(TestMethodWorker.java:112)\r\n\tat org.testng.TestRunner.privateRun(TestRunner.java:782)\r\n\tat org.testng.TestRunner.run(TestRunner.java:632)\r\n\tat org.testng.SuiteRunner.runTest(SuiteRunner.java:366)\r\n\tat org.testng.SuiteRunner.runSequentially(SuiteRunner.java:361)\r\n\tat org.testng.SuiteRunner.privateRun(SuiteRunner.java:319)\r\n\tat org.testng.SuiteRunner.run(SuiteRunner.java:268)\r\n\tat org.testng.SuiteRunnerWorker.runSuite(SuiteRunnerWorker.java:52)\r\n\tat org.testng.SuiteRunnerWorker.run(SuiteRunnerWorker.java:86)\r\n\tat org.testng.TestNG.runSuitesSequentially(TestNG.java:1244)\r\n\tat org.testng.TestNG.runSuitesLocally(TestNG.java:1169)\r\n\tat org.testng.TestNG.run(TestNG.java:1064)\r\n\tat org.apache.maven.surefire.testng.TestNGExecutor.run(TestNGExecutor.java:283)\r\n\tat org.apache.maven.surefire.testng.TestNGXmlTestSuite.execute(TestNGXmlTestSuite.java:75)\r\n\tat org.apache.maven.surefire.testng.TestNGProvider.invoke(TestNGProvider.java:120)\r\n\tat org.apache.maven.surefire.booter.ForkedBooter.invokeProviderInSameClassLoader(ForkedBooter.java:384)\r\n\tat org.apache.maven.surefire.booter.ForkedBooter.runSuitesInProcess(ForkedBooter.java:345)\r\n\tat org.apache.maven.surefire.booter.ForkedBooter.execute(ForkedBooter.java:126)\r\n\tat org.apache.maven.surefire.booter.ForkedBooter.main(ForkedBooter.java:418)\r\n",
  "flaky" : false,
  "newFailed" : false,
  "beforeStages" : [ {
    "name" : "beforeMethod",
    "time" : {
      "start" : 1613486581886,
      "stop" : 1613486582069,
      "duration" : 183
    },
    "description" : "",
    "status" : "passed",
    "steps" : [ ],
    "attachments" : [ ],
    "parameters" : [ ],
    "attachmentsCount" : 0,
    "shouldDisplayMessage" : false,
    "hasContent" : false,
    "stepsCount" : 0
  }, {
    "name" : "startSession",
    "time" : {
      "start" : 1613486519712,
      "stop" : 1613486548151,
      "duration" : 28439
    },
    "description" : "",
    "status" : "passed",
    "steps" : [ ],
    "attachments" : [ ],
    "parameters" : [ ],
    "attachmentsCount" : 0,
    "shouldDisplayMessage" : false,
    "hasContent" : false,
    "stepsCount" : 0
  } ],
  "testStage" : {
    "description" : "This Test add a new task With Blue Color and verifies it in the list of tasks",
    "status" : "failed",
    "statusMessage" : "expected [5] but found [1]",
    "statusTrace" : "java.lang.AssertionError: expected [5] but found [1]\r\n\tat org.testng.Assert.fail(Assert.java:94)\r\n\tat org.testng.Assert.failNotEquals(Assert.java:513)\r\n\tat org.testng.Assert.assertEqualsImpl(Assert.java:135)\r\n\tat org.testng.Assert.assertEquals(Assert.java:116)\r\n\tat org.testng.Assert.assertEquals(Assert.java:389)\r\n\tat org.testng.Assert.assertEquals(Assert.java:399)\r\n\tat extensions.Verifications.verifyNumber(Verifications.java:66)\r\n\tat sanity.TodoListElectron.test03_AddWithColorAndVerifyNewTask(TodoListElectron.java:33)\r\n\tat sun.reflect.NativeMethodAccessorImpl.invoke0(Native Method)\r\n\tat sun.reflect.NativeMethodAccessorImpl.invoke(NativeMethodAccessorImpl.java:62)\r\n\tat sun.reflect.DelegatingMethodAccessorImpl.invoke(DelegatingMethodAccessorImpl.java:43)\r\n\tat java.lang.reflect.Method.invoke(Method.java:498)\r\n\tat org.testng.internal.MethodInvocationHelper.invokeMethod(MethodInvocationHelper.java:86)\r\n\tat org.testng.internal.Invoker.invokeMethod(Invoker.java:643)\r\n\tat org.testng.internal.Invoker.invokeTestMethod(Invoker.java:820)\r\n\tat org.testng.internal.Invoker.invokeTestMethods(Invoker.java:1128)\r\n\tat org.testng.internal.TestMethodWorker.invokeTestMethods(TestMethodWorker.java:129)\r\n\tat org.testng.internal.TestMethodWorker.run(TestMethodWorker.java:112)\r\n\tat org.testng.TestRunner.privateRun(TestRunner.java:782)\r\n\tat org.testng.TestRunner.run(TestRunner.java:632)\r\n\tat org.testng.SuiteRunner.runTest(SuiteRunner.java:366)\r\n\tat org.testng.SuiteRunner.runSequentially(SuiteRunner.java:361)\r\n\tat org.testng.SuiteRunner.privateRun(SuiteRunner.java:319)\r\n\tat org.testng.SuiteRunner.run(SuiteRunner.java:268)\r\n\tat org.testng.SuiteRunnerWorker.runSuite(SuiteRunnerWorker.java:52)\r\n\tat org.testng.SuiteRunnerWorker.run(SuiteRunnerWorker.java:86)\r\n\tat org.testng.TestNG.runSuitesSequentially(TestNG.java:1244)\r\n\tat org.testng.TestNG.runSuitesLocally(TestNG.java:1169)\r\n\tat org.testng.TestNG.run(TestNG.java:1064)\r\n\tat org.apache.maven.surefire.testng.TestNGExecutor.run(TestNGExecutor.java:283)\r\n\tat org.apache.maven.surefire.testng.TestNGXmlTestSuite.execute(TestNGXmlTestSuite.java:75)\r\n\tat org.apache.maven.surefire.testng.TestNGProvider.invoke(TestNGProvider.java:120)\r\n\tat org.apache.maven.surefire.booter.ForkedBooter.invokeProviderInSameClassLoader(ForkedBooter.java:384)\r\n\tat org.apache.maven.surefire.booter.ForkedBooter.runSuitesInProcess(ForkedBooter.java:345)\r\n\tat org.apache.maven.surefire.booter.ForkedBooter.execute(ForkedBooter.java:126)\r\n\tat org.apache.maven.surefire.booter.ForkedBooter.main(ForkedBooter.java:418)\r\n",
    "steps" : [ {
      "name" : "add New Task With Color to the List",
      "time" : {
        "start" : 1613486582084,
        "stop" : 1613486603770,
        "duration" : 21686
      },
      "status" : "passed",
      "steps" : [ {
        "name" : "Update Text Element",
        "time" : {
          "start" : 1613486582355,
          "stop" : 1613486585597,
          "duration" : 3242
        },
        "status" : "passed",
        "steps" : [ ],
        "attachments" : [ ],
        "parameters" : [ {
          "name" : "elem",
          "value" : "[[ChromeDriver: chrome on XP (d88adcccc4e72503a6497cc91c387bdf)] -> css selector: input[placeholder='Create a task']]"
        }, {
          "name" : "text",
          "value" : "Learn PHP"
        } ],
        "attachmentsCount" : 0,
        "shouldDisplayMessage" : false,
        "hasContent" : true,
        "stepsCount" : 0
      }, {
        "name" : "Update DropDown Element By click",
        "time" : {
          "start" : 1613486591171,
          "stop" : 1613486594294,
          "duration" : 3123
        },
        "status" : "passed",
        "steps" : [ {
          "name" : "Click on Element",
          "time" : {
            "start" : 1613486591327,
            "stop" : 1613486592036,
            "duration" : 709
          },
          "status" : "passed",
          "steps" : [ ],
          "attachments" : [ ],
          "parameters" : [ {
            "name" : "elem",
            "value" : "[[ChromeDriver: chrome on XP (d88adcccc4e72503a6497cc91c387bdf)] -> css selector: div[class='topWrapper_2caNE']]"
          } ],
          "attachmentsCount" : 0,
          "shouldDisplayMessage" : false,
          "hasContent" : true,
          "stepsCount" : 0
        }, {
          "name" : "Click on Element",
          "time" : {
            "start" : 1613486592074,
            "stop" : 1613486593129,
            "duration" : 1055
          },
          "status" : "passed",
          "steps" : [ ],
          "attachments" : [ ],
          "parameters" : [ {
            "name" : "elem",
            "value" : "[[ChromeDriver: chrome on XP (d88adcccc4e72503a6497cc91c387bdf)] -> xpath: //div[2]/div/span[6]]"
          } ],
          "attachmentsCount" : 0,
          "shouldDisplayMessage" : false,
          "hasContent" : true,
          "stepsCount" : 0
        }, {
          "name" : "Click on Element",
          "time" : {
            "start" : 1613486593373,
            "stop" : 1613486594294,
            "duration" : 921
          },
          "status" : "passed",
          "steps" : [ ],
          "attachments" : [ ],
          "parameters" : [ {
            "name" : "elem",
            "value" : "[[ChromeDriver: chrome on XP (d88adcccc4e72503a6497cc91c387bdf)] -> css selector: div[class='topWrapper_2caNE']]"
          } ],
          "attachmentsCount" : 0,
          "shouldDisplayMessage" : false,
          "hasContent" : true,
          "stepsCount" : 0
        } ],
        "attachments" : [ ],
        "parameters" : [ {
          "name" : "elem",
          "value" : "[[ChromeDriver: chrome on XP (d88adcccc4e72503a6497cc91c387bdf)] -> css selector: div[class='topWrapper_2caNE']]"
        }, {
          "name" : "color",
          "value" : "Proxy element for: DefaultElementLocator 'By.xpath: //div[2]/div/span[6]'"
        } ],
        "attachmentsCount" : 0,
        "shouldDisplayMessage" : false,
        "hasContent" : true,
        "stepsCount" : 3
      }, {
        "name" : "Click on Element",
        "time" : {
          "start" : 1613486594441,
          "stop" : 1613486595456,
          "duration" : 1015
        },
        "status" : "passed",
        "steps" : [ ],
        "attachments" : [ ],
        "parameters" : [ {
          "name" : "elem",
          "value" : "[[ChromeDriver: chrome on XP (d88adcccc4e72503a6497cc91c387bdf)] -> css selector: input[placeholder='Create a task']]"
        } ],
        "attachmentsCount" : 0,
        "shouldDisplayMessage" : false,
        "hasContent" : true,
        "stepsCount" : 0
      }, {
        "name" : "Insert Key",
        "time" : {
          "start" : 1613486595626,
          "stop" : 1613486596380,
          "duration" : 754
        },
        "status" : "passed",
        "steps" : [ ],
        "attachments" : [ ],
        "parameters" : [ {
          "name" : "elem",
          "value" : "[[ChromeDriver: chrome on XP (d88adcccc4e72503a6497cc91c387bdf)] -> css selector: input[placeholder='Create a task']]"
        }, {
          "name" : "value",
          "value" : "î€†"
        } ],
        "attachmentsCount" : 0,
        "shouldDisplayMessage" : false,
        "hasContent" : true,
        "stepsCount" : 0
      }, {
        "name" : "Update DropDown Element By click",
        "time" : {
          "start" : 1613486601953,
          "stop" : 1613486603770,
          "duration" : 1817
        },
        "status" : "passed",
        "steps" : [ {
          "name" : "Click on Element",
          "time" : {
            "start" : 1613486601980,
            "stop" : 1613486602428,
            "duration" : 448
          },
          "status" : "passed",
          "steps" : [ ],
          "attachments" : [ ],
          "parameters" : [ {
            "name" : "elem",
            "value" : "[[ChromeDriver: chrome on XP (d88adcccc4e72503a6497cc91c387bdf)] -> css selector: div[class='topWrapper_2caNE']]"
          } ],
          "attachmentsCount" : 0,
          "shouldDisplayMessage" : false,
          "hasContent" : true,
          "stepsCount" : 0
        }, {
          "name" : "Click on Element",
          "time" : {
            "start" : 1613486602514,
            "stop" : 1613486602985,
            "duration" : 471
          },
          "status" : "passed",
          "steps" : [ ],
          "attachments" : [ ],
          "parameters" : [ {
            "name" : "elem",
            "value" : "[[ChromeDriver: chrome on XP (d88adcccc4e72503a6497cc91c387bdf)] -> xpath: //div[@class='wrapper_7gdK1']/div/span[1]]"
          } ],
          "attachmentsCount" : 0,
          "shouldDisplayMessage" : false,
          "hasContent" : true,
          "stepsCount" : 0
        }, {
          "name" : "Click on Element",
          "time" : {
            "start" : 1613486603069,
            "stop" : 1613486603770,
            "duration" : 701
          },
          "status" : "passed",
          "steps" : [ ],
          "attachments" : [ ],
          "parameters" : [ {
            "name" : "elem",
            "value" : "[[ChromeDriver: chrome on XP (d88adcccc4e72503a6497cc91c387bdf)] -> css selector: div[class='topWrapper_2caNE']]"
          } ],
          "attachmentsCount" : 0,
          "shouldDisplayMessage" : false,
          "hasContent" : true,
          "stepsCount" : 0
        } ],
        "attachments" : [ ],
        "parameters" : [ {
          "name" : "elem",
          "value" : "[[ChromeDriver: chrome on XP (d88adcccc4e72503a6497cc91c387bdf)] -> css selector: div[class='topWrapper_2caNE']]"
        }, {
          "name" : "color",
          "value" : "Proxy element for: DefaultElementLocator 'By.xpath: //div[@class='wrapper_7gdK1']/div/span[1]'"
        } ],
        "attachmentsCount" : 0,
        "shouldDisplayMessage" : false,
        "hasContent" : true,
        "stepsCount" : 3
      } ],
      "attachments" : [ ],
      "parameters" : [ {
        "name" : "taskName",
        "value" : "Learn PHP"
      } ],
      "attachmentsCount" : 0,
      "shouldDisplayMessage" : false,
      "hasContent" : true,
      "stepsCount" : 11
    }, {
      "name" : "Count and Return of Tasks in List",
      "time" : {
        "start" : 1613486603770,
        "stop" : 1613486603934,
        "duration" : 164
      },
      "status" : "passed",
      "steps" : [ ],
      "attachments" : [ ],
      "parameters" : [ ],
      "attachmentsCount" : 0,
      "shouldDisplayMessage" : false,
      "hasContent" : false,
      "stepsCount" : 0
    }, {
      "name" : "Verify actual Number with Expected Number",
      "time" : {
        "start" : 1613486603934,
        "stop" : 1613486603937,
        "duration" : 3
      },
      "status" : "failed",
      "statusMessage" : "expected [5] but found [1]",
      "statusTrace" : "java.lang.AssertionError: expected [5] but found [1]\r\n\tat org.testng.Assert.fail(Assert.java:94)\r\n\tat org.testng.Assert.failNotEquals(Assert.java:513)\r\n\tat org.testng.Assert.assertEqualsImpl(Assert.java:135)\r\n\tat org.testng.Assert.assertEquals(Assert.java:116)\r\n\tat org.testng.Assert.assertEquals(Assert.java:389)\r\n\tat org.testng.Assert.assertEquals(Assert.java:399)\r\n\tat extensions.Verifications.verifyNumber(Verifications.java:66)\r\n\tat sanity.TodoListElectron.test03_AddWithColorAndVerifyNewTask(TodoListElectron.java:33)\r\n\tat sun.reflect.NativeMethodAccessorImpl.invoke0(Native Method)\r\n\tat sun.reflect.NativeMethodAccessorImpl.invoke(NativeMethodAccessorImpl.java:62)\r\n\tat sun.reflect.DelegatingMethodAccessorImpl.invoke(DelegatingMethodAccessorImpl.java:43)\r\n\tat java.lang.reflect.Method.invoke(Method.java:498)\r\n\tat org.testng.internal.MethodInvocationHelper.invokeMethod(MethodInvocationHelper.java:86)\r\n\tat org.testng.internal.Invoker.invokeMethod(Invoker.java:643)\r\n\tat org.testng.internal.Invoker.invokeTestMethod(Invoker.java:820)\r\n\tat org.testng.internal.Invoker.invokeTestMethods(Invoker.java:1128)\r\n\tat org.testng.internal.TestMethodWorker.invokeTestMethods(TestMethodWorker.java:129)\r\n\tat org.testng.internal.TestMethodWorker.run(TestMethodWorker.java:112)\r\n\tat org.testng.TestRunner.privateRun(TestRunner.java:782)\r\n\tat org.testng.TestRunner.run(TestRunner.java:632)\r\n\tat org.testng.SuiteRunner.runTest(SuiteRunner.java:366)\r\n\tat org.testng.SuiteRunner.runSequentially(SuiteRunner.java:361)\r\n\tat org.testng.SuiteRunner.privateRun(SuiteRunner.java:319)\r\n\tat org.testng.SuiteRunner.run(SuiteRunner.java:268)\r\n\tat org.testng.SuiteRunnerWorker.runSuite(SuiteRunnerWorker.java:52)\r\n\tat org.testng.SuiteRunnerWorker.run(SuiteRunnerWorker.java:86)\r\n\tat org.testng.TestNG.runSuitesSequentially(TestNG.java:1244)\r\n\tat org.testng.TestNG.runSuitesLocally(TestNG.java:1169)\r\n\tat org.testng.TestNG.run(TestNG.java:1064)\r\n\tat org.apache.maven.surefire.testng.TestNGExecutor.run(TestNGExecutor.java:283)\r\n\tat org.apache.maven.surefire.testng.TestNGXmlTestSuite.execute(TestNGXmlTestSuite.java:75)\r\n\tat org.apache.maven.surefire.testng.TestNGProvider.invoke(TestNGProvider.java:120)\r\n\tat org.apache.maven.surefire.booter.ForkedBooter.invokeProviderInSameClassLoader(ForkedBooter.java:384)\r\n\tat org.apache.maven.surefire.booter.ForkedBooter.runSuitesInProcess(ForkedBooter.java:345)\r\n\tat org.apache.maven.surefire.booter.ForkedBooter.execute(ForkedBooter.java:126)\r\n\tat org.apache.maven.surefire.booter.ForkedBooter.main(ForkedBooter.java:418)\r\n",
      "steps" : [ ],
      "attachments" : [ ],
      "parameters" : [ {
        "name" : "actual",
        "value" : "1"
      }, {
        "name" : "expected",
        "value" : "5"
      } ],
      "attachmentsCount" : 0,
      "shouldDisplayMessage" : true,
      "hasContent" : true,
      "stepsCount" : 0
    } ],
    "attachments" : [ {
      "uid" : "4da40c00c9bf1019",
      "name" : "Page screenshot",
      "source" : "4da40c00c9bf1019.png",
      "type" : "image/png",
      "size" : 21828
    } ],
    "parameters" : [ ],
    "attachmentsCount" : 1,
    "shouldDisplayMessage" : false,
    "hasContent" : true,
    "stepsCount" : 14
  },
  "afterStages" : [ {
    "name" : "closeSession",
    "time" : {
      "start" : 1613486615894,
      "stop" : 1613486626032,
      "duration" : 10138
    },
    "description" : "",
    "status" : "passed",
    "steps" : [ ],
    "attachments" : [ ],
    "parameters" : [ ],
    "attachmentsCount" : 0,
    "shouldDisplayMessage" : false,
    "hasContent" : false,
    "stepsCount" : 0
  }, {
    "name" : "afterMethod",
    "time" : {
      "start" : 1613486604694,
      "stop" : 1613486605280,
      "duration" : 586
    },
    "description" : "",
    "status" : "passed",
    "steps" : [ {
      "name" : "Empty List From Tasks",
      "time" : {
        "start" : 1613486604694,
        "stop" : 1613486605280,
        "duration" : 586
      },
      "status" : "passed",
      "steps" : [ {
        "name" : "Mouse Hover Element",
        "time" : {
          "start" : 1613486604827,
          "stop" : 1613486605280,
          "duration" : 453
        },
        "status" : "passed",
        "steps" : [ ],
        "attachments" : [ ],
        "parameters" : [ {
          "name" : "elem1",
          "value" : "[[ChromeDriver: chrome on XP (d88adcccc4e72503a6497cc91c387bdf)] -> class name: destroy_19w1q]"
        } ],
        "attachmentsCount" : 0,
        "shouldDisplayMessage" : false,
        "hasContent" : true,
        "stepsCount" : 0
      } ],
      "attachments" : [ ],
      "parameters" : [ ],
      "attachmentsCount" : 0,
      "shouldDisplayMessage" : false,
      "hasContent" : true,
      "stepsCount" : 1
    } ],
    "attachments" : [ ],
    "parameters" : [ ],
    "attachmentsCount" : 0,
    "shouldDisplayMessage" : false,
    "hasContent" : true,
    "stepsCount" : 2
  } ],
  "labels" : [ {
    "name" : "package",
    "value" : "sanity.TodoListElectron"
  }, {
    "name" : "testClass",
    "value" : "sanity.TodoListElectron"
  }, {
    "name" : "testMethod",
    "value" : "test03_AddWithColorAndVerifyNewTask"
  }, {
    "name" : "parentSuite",
    "value" : "Electron Suite"
  }, {
    "name" : "suite",
    "value" : "Electron Tests"
  }, {
    "name" : "subSuite",
    "value" : "sanity.TodoListElectron"
  }, {
    "name" : "host",
    "value" : "N15538C"
  }, {
    "name" : "thread",
    "value" : "15852@N15538C.main(1)"
  }, {
    "name" : "framework",
    "value" : "testng"
  }, {
    "name" : "language",
    "value" : "java"
  }, {
    "name" : "resultFormat",
    "value" : "allure2"
  } ],
  "parameters" : [ {
    "name" : "PlatformName",
    "value" : "electron"
  } ],
  "links" : [ ],
  "hidden" : false,
  "retry" : false,
  "extra" : {
    "severity" : "normal",
    "retries" : [ ],
    "categories" : [ {
      "name" : "Product defects",
      "matchedStatuses" : [ ],
      "flaky" : false
    } ],
    "history" : {
      "statistic" : {
        "failed" : 5,
        "broken" : 0,
        "skipped" : 1,
        "passed" : 0,
        "unknown" : 0,
        "total" : 6
      },
      "items" : [ {
        "uid" : "3e0b4e38115ad851",
        "reportUrl" : "http://localhost:5050/job/Sanity%20Tests%20Web/32/allure/#testresult/3e0b4e38115ad851",
        "status" : "failed",
        "statusDetails" : "expected [5] but found [1]",
        "time" : {
          "start" : 1613486222449,
          "stop" : 1613486243562,
          "duration" : 21113
        }
      }, {
        "uid" : "2782a4c3d158f192",
        "reportUrl" : "http://localhost:5050/job/Sanity%20Tests%20Web/31/allure/#testresult/2782a4c3d158f192",
        "status" : "failed",
        "statusDetails" : "expected [5] but found [1]",
        "time" : {
          "start" : 1613394781623,
          "stop" : 1613394793395,
          "duration" : 11772
        }
      }, {
        "uid" : "95f94450a899d7f7",
        "reportUrl" : "http://localhost:5050/job/Sanity%20Tests%20Web/30/allure/#testresult/95f94450a899d7f7",
        "status" : "failed",
        "statusDetails" : "expected [5] but found [1]",
        "time" : {
          "start" : 1613371457564,
          "stop" : 1613371472701,
          "duration" : 15137
        }
      }, {
        "uid" : "412b10f4997eb534",
        "reportUrl" : "http://localhost:5050/job/Sanity%20Tests%20Web/29/allure/#testresult/412b10f4997eb534",
        "status" : "skipped",
        "time" : {
          "start" : 1613286818871,
          "stop" : 1613286818872,
          "duration" : 1
        }
      }, {
        "uid" : "a1c3f6256ce56af7",
        "reportUrl" : "http://localhost:5050/job/Sanity%20Tests%20DB/8/allure/#testresult/a1c3f6256ce56af7",
        "status" : "failed",
        "statusDetails" : "expected [5] but found [1]",
        "time" : {
          "start" : 1613156852660,
          "stop" : 1613156864380,
          "duration" : 11720
        }
      } ]
    },
    "tags" : [ ]
  },
  "source" : "77bf0fae3b1845a9.json",
  "parameterValues" : [ "electron" ]
}