<?xml version="1.0" encoding="UTF-8"?>
<!-- Generated by org.testng.reporters.JUnitXMLReporter -->
<testsuite hostname="N15538C" name="API Tests" tests="4" failures="0" timestamp="16 Feb 2021 14:42:38 GMT" time="38.306" errors="0">
  <testcase name="test01_verifyTeam" time="14.735" classname="sanity.GrafanaAPI"/>
  <testcase name="test02_addTeamAndVerify" time="1.878" classname="sanity.GrafanaAPI"/>
  <testcase name="test03_updateTeamAndVerify" time="0.762" classname="sanity.GrafanaAPI"/>
  <testcase name="test04_deleteTeamAndVerify" time="0.955" classname="sanity.GrafanaAPI"/>
</testsuite> <!-- API Tests -->
